nativetemplates/build/intermediates/manifest_merge_blame_file/debug/manifest-merger-blame-debug-report.txt
1<?xml version="1.0" encoding="utf-8"?>
2<manifest xmlns:android="http://schemas.android.com/apk/res/android"
3    package="com.google.android.ads.nativetemplates"
4    android:versionCode="1" >
5
6    <uses-sdk
7        android:minSdkVersion="16"
7-->src\main\AndroidManifest.xml
8        android:targetSdkVersion="28" />
8-->src\main\AndroidManifest.xml
9
10    <application android:supportsRtl="true" >
10-->src\main\AndroidManifest.xml:3:3-5:17
10-->src\main\AndroidManifest.xml:3:16-42
11    </application>
12
13</manifest>